2025-02-27 12:07:00 | WARN | repo=skywebsites | action=commit
2025-02-20 18:33:00 | WARN | repo=skywebsites | action=commit
2025-04-16 09:01:00 | WARN | repo=skywebsites | action=commit
2025-08-07 12:08:00 | DEBUG | repo=skywebsites | action=edit | files=3
2025-07-28 11:36:00 | DEBUG | repo=skywebsites | action=commit
2025-12-17 08:03:00 | WARN | repo=skywebsites | action=commit
2025-10-25 20:57:00 | INFO | repo=skywebsites | action=pull
2025-01-12 18:57:00 | DEBUG | repo=skywebsites | action=commit
2025-05-14 08:45:00 | INFO | repo=skywebsites | action=commit
2025-04-02 11:18:00 | WARN | repo=skywebsites | action=commit
2025-06-07 16:06:00 | DEBUG | repo=skywebsites | action=commit
2025-04-27 16:50:00 | DEBUG | repo=skywebsites | action=commit
2025-09-15 11:29:00 | INFO | repo=skywebsites | action=test | passed=true
2025-03-18 08:30:00 | INFO | repo=skywebsites | action=commit
2025-07-09 10:42:00 | DEBUG | repo=skywebsites | action=edit | files=5
2025-06-18 19:03:00 | WARN | repo=skywebsites | action=commit
2025-08-02 13:19:00 | WARN | repo=skywebsites | action=commit
2025-02-07 08:27:00 | WARN | repo=skywebsites | action=commit
2025-06-15 10:31:00 | WARN | repo=skywebsites | action=commit
2025-01-19 09:32:00 | INFO | repo=skywebsites | action=commit
2025-10-08 14:29:00 | WARN | repo=skywebsites | action=commit
2025-07-02 08:47:00 | DEBUG | repo=skywebsites | action=test | passed=true
2025-05-03 20:34:00 | INFO | repo=skywebsites | action=commit
2025-10-15 12:33:00 | INFO | repo=skywebsites | action=pull
2025-09-06 20:46:00 | INFO | repo=skywebsites | action=commit
2025-03-28 17:42:00 | WARN | repo=skywebsites | action=edit | files=5
2025-05-25 09:05:00 | WARN | repo=skywebsites | action=commit
2025-06-11 17:13:00 | INFO | repo=skywebsites | action=commit
